 ⚠ Warning: Next.js inferred your workspace root, but it may not be correct.
 We detected multiple lockfiles and selected the directory of /home/shafiuddin/code/quickMemo/package-lock.json as the root directory.
 To silence this warning, set `turbopack.root` in your Next.js config, or consider removing one of the lockfiles if it's not needed.
   See https://nextjs.org/docs/app/api-reference/config/next-config-js/turbopack#root-directory for more information.
 Detected additional lockfiles: 
   * /home/shafiuddin/code/quickMemo/quick-memo/package-lock.json

   ▲ Next.js 16.0.7 (Turbopack)
   - Environments: .env

   Creating an optimized production build ...
Error: Can't resolve 'tw-animate-css' in '/home/shafiuddin/code/quickMemo/quick-memo/src/app'
    [2m[at finishWithoutResolve (/home/shafiuddin/code/quickMemo/quick-memo/node_modules/enhanced-resolve/lib/Resolver.js:565:18)][0m
    [2m[at /home/shafiuddin/code/quickMemo/quick-memo/node_modules/enhanced-resolve/lib/Resolver.js:657:14][0m
    [2m[at /home/shafiuddin/code/quickMemo/quick-memo/node_modules/enhanced-resolve/lib/Resolver.js:718:5][0m
    [2m[at eval (eval at create (/home/shafiuddin/code/quickMemo/quick-memo/node_modules/tapable/lib/HookCodeFactory.js:31:10), <anonymous>:15:1)][0m
    [2m[at /home/shafiuddin/code/quickMemo/quick-memo/node_modules/enhanced-resolve/lib/Resolver.js:718:5][0m
    [2m[at eval (eval at create (/home/shafiuddin/code/quickMemo/quick-memo/node_modules/tapable/lib/HookCodeFactory.js:31:10), <anonymous>:27:1)][0m
    [2m[at /home/shafiuddin/code/quickMemo/quick-memo/node_modules/enhanced-resolve/lib/DescriptionFilePlugin.js:89:43][0m
    [2m[at /home/shafiuddin/code/quickMemo/quick-memo/node_modules/enhanced-resolve/lib/Resolver.js:718:5][0m
    [2m[at eval (eval at create (/home/shafiuddin/code/quickMemo/quick-memo/node_modules/tapable/lib/HookCodeFactory.js:31:10), <anonymous>:15:1)][0m
    [2m[at /home/shafiuddin/code/quickMemo/quick-memo/node_modules/enhanced-resolve/lib/Resolver.js:718:5][0m {
  details: "resolve 'tw-animate-css' in '/home/shafiuddin/code/quickMemo/quick-memo/src/app'\n" +
    '  Parsed request is a module\n' +
    '  using description file: /home/shafiuddin/code/quickMemo/quick-memo/package.json (relative path: ./src/app)\n' +
    '    resolve as module\n' +
    "      /home/shafiuddin/code/quickMemo/quick-memo/src/app/node_modules doesn't exist or is not a directory\n" +
    "      /home/shafiuddin/code/quickMemo/quick-memo/src/node_modules doesn't exist or is not a directory\n" +
    '      looking for modules in /home/shafiuddin/code/quickMemo/quick-memo/node_modules\n' +
    '        single file module\n' +
    '          using description file: /home/shafiuddin/code/quickMemo/quick-memo/package.json (relative path: ./node_modules/tw-animate-css)\n' +
    '            no extension\n' +
    "              /home/shafiuddin/code/quickMemo/quick-memo/node_modules/tw-animate-css doesn't exist\n" +
    '            .css\n' +
    "              /home/shafiuddin/code/quickMemo/quick-memo/node_modules/tw-animate-css.css doesn't exist\n" +
    "        /home/shafiuddin/code/quickMemo/quick-memo/node_modules/tw-animate-css doesn't exist\n" +
    "      /home/shafiuddin/code/quickMemo/node_modules doesn't exist or is not a directory\n" +
    "      /home/shafiuddin/code/node_modules doesn't exist or is not a directory\n" +
    "      /home/shafiuddin/node_modules doesn't exist or is not a directory\n" +
    "      /home/node_modules doesn't exist or is not a directory\n" +
    "      /node_modules doesn't exist or is not a directory"
}

> Build error occurred
Error: Turbopack build failed with 17 errors:
./quick-memo/src/app/globals.css
Error evaluating Node.js code
CssSyntaxError: tailwindcss: /home/shafiuddin/code/quickMemo/quick-memo/src/app/globals.css:1:1: Can't resolve 'tw-animate-css' in '/home/shafiuddin/code/quickMemo/quick-memo/src/app'
    at Input.error (quick-memo/node_modules/postcss/lib/input.js:135:16) [/home/shafiuddin/code/quickMemo/quick-memo/.next/build/chunks/95ba3_92a9157f._.js:4651:22]
    at Root.error (quick-memo/node_modules/postcss/lib/node.js:146:32) [/home/shafiuddin/code/quickMemo/quick-memo/.next/build/chunks/95ba3_92a9157f._.js:928:38]
    [at Object.Once (/home/shafiuddin/code/quickMemo/quick-memo/node_modules/@tailwindcss/postcss/dist/index.js:10:6912)]
    [at process.processTicksAndRejections (node:internal/process/task_queues:103:5)]
    at async LazyResult.runAsync (quick-memo/node_modules/postcss/lib/lazy-result.js:293:11) [/home/shafiuddin/code/quickMemo/quick-memo/.next/build/chunks/95ba3_92a9157f._.js:6206:21]
    at async transform (turbopack:///[turbopack-node]/transforms/postcss.ts:70:34) [/home/shafiuddin/code/quickMemo/quick-memo/.next/build/chunks/[root-of-the-server]__1d3f2a6a._.js:146:36]
    at async run (turbopack:///[turbopack-node]/ipc/evaluate.ts:92:23) [/home/shafiuddin/code/quickMemo/quick-memo/.next/build/chunks/[root-of-the-server]__28e00b90._.js:443:31]

Import trace:
  Client Component Browser:
    ./quick-memo/src/app/globals.css [Client Component Browser]
    ./quick-memo/src/app/layout.tsx [Server Component]


./quick-memo/src/app/page.tsx:5:1
Module not found: Can't resolve '@/components/cash-memo-form'
[0m [90m 3 |[39m [36mimport[39m [33mReact[39m[33m,[39m { useState[33m,[39m useRef[33m,[39m useEffect } [36mfrom[39m [32m'react'[39m[33m;[39m
 [90m 4 |[39m [36mimport[39m html2canvas [36mfrom[39m [32m'html2canvas'[39m[33m;[39m
[31m[1m>[22m[39m[90m 5 |[39m [36mimport[39m [33mCashMemoForm[39m [36mfrom[39m [32m'@/components/cash-memo-form'[39m[33m;[39m
 [90m   |[39m [31m[1m^[22m[39m[31m[1m^[22m[39m[31m[1m^[22m[39m[31m[1m^[22m[39m[31m[1m^[22m[39m[31m[1m^[22m[39m[31m[1m^[22m[39m[31m[1m^[22m[39m[31m[1m^[22m[39m[31m[1m^[22m[39m[31m[1m^[22m[39m[31m[1m^[22m[39m[31m[1m^[22m[39m[31m[1m^[22m[39m[31m[1m^[22m[39m[31m[1m^[22m[39m[31m[1m^[22m[39m[31m[1m^[22m[39m[31m[1m^[22m[39m[31m[1m^[22m[39m[31m[1m^[22m[39m[31m[1m^[22m[39m[31m[1m^[22m[39m[31m[1m^[22m[39m[31m[1m^[22m[39m[31m[1m^[22m[39m[31m[1m^[22m[39m[31m[1m^[22m[39m[31m[1m^[22m[39m[31m[1m^[22m[39m[31m[1m^[22m[39m[31m[1m^[22m[39m[31m[1m^[22m[39m[31m[1m^[22m[39m[31m[1m^[22m[39m[31m[1m^[22m[39m[31m[1m^[22m[39m[31m[1m^[22m[39m[31m[1m^[22m[39m[31m[1m^[22m[39m[31m[1m^[22m[39m[31m[1m^[22m[39m[31m[1m^[22m[39m[31m[1m^[22m[39m[31m[1m^[22m[39m[31m[1m^[22m[39m[31m[1m^[22m[39m[31m[1m^[22m[39m[31m[1m^[22m[39m[31m[1m^[22m[39m[31m[1m^[22m[39m[31m[1m^[22m[39m[31m[1m^[22m[39m[31m[1m^[22m[39m[31m[1m^[22m[39m
 [90m 6 |[39m [36mimport[39m [33mMemoPreview[39m [36mfrom[39m [32m'@/components/memo-preview'[39m[33m;[39m
 [90m 7 |[39m [36mimport[39m [33mProFeaturesModal[39m [36mfrom[39m [32m'@/components/pro-features-modal'[39m[33m;[39m
 [90m 8 |[39m [36mimport[39m [33mSubscriptionStatus[39m [36mfrom[39m [32m'@/components/subscription-status'[39m[33m;[39m[0m

Import map: aliased to relative './components/cash-memo-form' inside of [project]/quick-memo


Import traces:
  Client Component Browser:
    ./quick-memo/src/app/page.tsx [Client Component Browser]
    ./quick-memo/src/app/page.tsx [Server Component]

  Client Component SSR:
    ./quick-memo/src/app/page.tsx [Client Component SSR]
    ./quick-memo/src/app/page.tsx [Server Component]

https://nextjs.org/docs/messages/module-not-found


./quick-memo/src/app/page.tsx:6:1
Module not found: Can't resolve '@/components/memo-preview'
[0m [90m 4 |[39m [36mimport[39m html2canvas [36mfrom[39m [32m'html2canvas'[39m[33m;[39m
 [90m 5 |[39m [36mimport[39m [33mCashMemoForm[39m [36mfrom[39m [32m'@/components/cash-memo-form'[39m[33m;[39m
[31m[1m>[22m[39m[90m 6 |[39m [36mimport[39m [33mMemoPreview[39m [36mfrom[39m [32m'@/components/memo-preview'[39m[33m;[39m
 [90m   |[39m [31m[1m^[22m[39m[31m[1m^[22m[39m[31m[1m^[22m[39m[31m[1m^[22m[39m[31m[1m^[22m[39m[31m[1m^[22m[39m[31m[1m^[22m[39m[31m[1m^[22m[39m[31m[1m^[22m[39m[31m[1m^[22m[39m[31m[1m^[22m[39m[31m[1m^[22m[39m[31m[1m^[22m[39m[31m[1m^[22m[39m[31m[1m^[22m[39m[31m[1m^[22m[39m[31m[1m^[22m[39m[31m[1m^[22m[39m[31m[1m^[22m[39m[31m[1m^[22m[39m[31m[1m^[22m[39m[31m[1m^[22m[39m[31m[1m^[22m[39m[31m[1m^[22m[39m[31m[1m^[22m[39m[31m[1m^[22m[39m[31m[1m^[22m[39m[31m[1m^[22m[39m[31m[1m^[22m[39m[31m[1m^[22m[39m[31m[1m^[22m[39m[31m[1m^[22m[39m[31m[1m^[22m[39m[31m[1m^[22m[39m[31m[1m^[22m[39m[31m[1m^[22m[39m[31m[1m^[22m[39m[31m[1m^[22m[39m[31m[1m^[22m[39m[31m[1m^[22m[39m[31m[1m^[22m[39m[31m[1m^[22m[39m[31m[1m^[22m[39m[31m[1m^[22m[39m[31m[1m^[22m[39m[31m[1m^[22m[39m[31m[1m^[22m[39m[31m[1m^[22m[39m[31m[1m^[22m[39m[31m[1m^[22m[39m[31m[1m^[22m[39m[31m[1m^[22m[39m
 [90m 7 |[39m [36mimport[39m [33mProFeaturesModal[39m [36mfrom[39m [32m'@/components/pro-features-modal'[39m[33m;[39m
 [90m 8 |[39m [36mimport[39m [33mSubscriptionStatus[39m [36mfrom[39m [32m'@/components/subscription-status'[39m[33m;[39m
 [90m 9 |[39m [36mimport[39m { [33mButton[39m } [36mfrom[39m [32m'@/components/ui/button'[39m[33m;[39m[0m

Import map: aliased to relative './components/memo-preview' inside of [project]/quick-memo


Import traces:
  Client Component Browser:
    ./quick-memo/src/app/page.tsx [Client Component Browser]
    ./quick-memo/src/app/page.tsx [Server Component]

  Client Component SSR:
    ./quick-memo/src/app/page.tsx [Client Component SSR]
    ./quick-memo/src/app/page.tsx [Server Component]

https://nextjs.org/docs/messages/module-not-found


./quick-memo/src/app/page.tsx:7:1
Module not found: Can't resolve '@/components/pro-features-modal'
[0m [90m  5 |[39m [36mimport[39m [33mCashMemoForm[39m [36mfrom[39m [32m'@/components/cash-memo-form'[39m[33m;[39m
 [90m  6 |[39m [36mimport[39m [33mMemoPreview[39m [36mfrom[39m [32m'@/components/memo-preview'[39m[33m;[39m
[31m[1m>[22m[39m[90m  7 |[39m [36mimport[39m [33mProFeaturesModal[39m [36mfrom[39m [32m'@/components/pro-features-modal'[39m[33m;[39m
 [90m    |[39m [31m[1m^[22m[39m[31m[1m^[22m[39m[31m[1m^[22m[39m[31m[1m^[22m[39m[31m[1m^[22m[39m[31m[1m^[22m[39m[31m[1m^[22m[39m[31m[1m^[22m[39m[31m[1m^[22m[39m[31m[1m^[22m[39m[31m[1m^[22m[39m[31m[1m^[22m[39m[31m[1m^[22m[39m[31m[1m^[22m[39m[31m[1m^[22m[39m[31m[1m^[22m[39m[31m[1m^[22m[39m[31m[1m^[22m[39m[31m[1m^[22m[39m[31m[1m^[22m[39m[31m[1m^[22m[39m[31m[1m^[22m[39m[31m[1m^[22m[39m[31m[1m^[22m[39m[31m[1m^[22m[39m[31m[1m^[22m[39m[31m[1m^[22m[39m[31m[1m^[22m[39m[31m[1m^[22m[39m[31m[1m^[22m[39m[31m[1m^[22m[39m[31m[1m^[22m[39m[31m[1m^[22m[39m[31m[1m^[22m[39m[31m[1m^[22m[39m[31m[1m^[22m[39m[31m[1m^[22m[39m[31m[1m^[22m[39m[31m[1m^[22m[39m[31m[1m^[22m[39m[31m[1m^[22m[39m[31m[1m^[22m[39m[31m[1m^[22m[39m[31m[1m^[22m[39m[31m[1m^[22m[39m[31m[1m^[22m[39m[31m[1m^[22m[39m[31m[1m^[22m[39m[31m[1m^[22m[39m[31m[1m^[22m[39m[31m[1m^[22m[39m[31m[1m^[22m[39m[31m[1m^[22m[39m[31m[1m^[22m[39m[31m[1m^[22m[39m[31m[1m^[22m[39m[31m[1m^[22m[39m[31m[1m^[22m[39m[31m[1m^[22m[39m[31m[1m^[22m[39m[31m[1m^[22m[39m[31m[1m^[22m[39m[31m[1m^[22m[39m
 [90m  8 |[39m [36mimport[39m [33mSubscriptionStatus[39m [36mfrom[39m [32m'@/components/subscription-status'[39m[33m;[39m
 [90m  9 |[39m [36mimport[39m { [33mButton[39m } [36mfrom[39m [32m'@/components/ui/button'[39m[33m;[39m
 [90m 10 |[39m [36mimport[39m { [33mCard[39m[33m,[39m [33mCardContent[39m } [36mfrom[39m [32m'@/components/ui/card'[39m[33m;[39m[0m

Import map: aliased to relative './components/pro-features-modal' inside of [project]/quick-memo


Import traces:
  Client Component Browser:
    ./quick-memo/src/app/page.tsx [Client Component Browser]
    ./quick-memo/src/app/page.tsx [Server Component]

  Client Component SSR:
    ./quick-memo/src/app/page.tsx [Client Component SSR]
    ./quick-memo/src/app/page.tsx [Server Component]

https://nextjs.org/docs/messages/module-not-found


./quick-memo/src/app/page.tsx:8:1
Module not found: Can't resolve '@/components/subscription-status'
[0m [90m  6 |[39m [36mimport[39m [33mMemoPreview[39m [36mfrom[39m [32m'@/components/memo-preview'[39m[33m;[39m
 [90m  7 |[39m [36mimport[39m [33mProFeaturesModal[39m [36mfrom[39m [32m'@/components/pro-features-modal'[39m[33m;[39m
[31m[1m>[22m[39m[90m  8 |[39m [36mimport[39m [33mSubscriptionStatus[39m [36mfrom[39m [32m'@/components/subscription-status'[39m[33m;[39m
 [90m    |[39m [31m[1m^[22m[39m[31m[1m^[22m[39m[31m[1m^[22m[39m[31m[1m^[22m[39m[31m[1m^[22m[39m[31m[1m^[22m[39m[31m[1m^[22m[39m[31m[1m^[22m[39m[31m[1m^[22m[39m[31m[1m^[22m[39m[31m[1m^[22m[39m[31m[1m^[22m[39m[31m[1m^[22m[39m[31m[1m^[22m[39m[31m[1m^[22m[39m[31m[1m^[22m[39m[31m[1m^[22m[39m[31m[1m^[22m[39m[31m[1m^[22m[39m[31m[1m^[22m[39m[31m[1m^[22m[39m[31m[1m^[22m[39m[31m[1m^[22m[39m[31m[1m^[22m[39m[31m[1m^[22m[39m[31m[1m^[22m[39m[31m[1m^[22m[39m[31m[1m^[22m[39m[31m[1m^[22m[39m[31m[1m^[22m[39m[31m[1m^[22m[39m[31m[1m^[22m[39m[31m[1m^[22m[39m[31m[1m^[22m[39m[31m[1m^[22m[39m[31m[1m^[22m[39m[31m[1m^[22m[39m[31m[1m^[22m[39m[31m[1m^[22m[39m[31m[1m^[22m[39m[31m[1m^[22m[39m[31m[1m^[22m[39m[31m[1m^[22m[39m[31m[1m^[22m[39m[31m[1m^[22m[39m[31m[1m^[22m[39m[31m[1m^[22m[39m[31m[1m^[22m[39m[31m[1m^[22m[39m[31m[1m^[22m[39m[31m[1m^[22m[39m[31m[1m^[22m[39m[31m[1m^[22m[39m[31m[1m^[22m[39m[31m[1m^[22m[39m[31m[1m^[22m[39m[31m[1m^[22m[39m[31m[1m^[22m[39m[31m[1m^[22m[39m[31m[1m^[22m[39m[31m[1m^[22m[39m[31m[1m^[22m[39m[31m[1m^[22m[39m[31m[1m^[22m[39m[31m[1m^[22m[39m[31m[1m^[22m[39m
 [90m  9 |[39m [36mimport[39m { [33mButton[39m } [36mfrom[39m [32m'@/components/ui/button'[39m[33m;[39m
 [90m 10 |[39m [36mimport[39m { [33mCard[39m[33m,[39m [33mCardContent[39m } [36mfrom[39m [32m'@/components/ui/card'[39m[33m;[39m
 [90m 11 |[39m [36mimport[39m { [33mTabs[39m[33m,[39m [33mTabsContent[39m[33m,[39m [33mTabsList[39m[33m,[39m [33mTabsTrigger[39m } [36mfrom[39m [32m'@/components/ui/tabs'[39m[33m;[39m[0m

Import map: aliased to relative './components/subscription-status' inside of [project]/quick-memo


Import traces:
  Client Component Browser:
    ./quick-memo/src/app/page.tsx [Client Component Browser]
    ./quick-memo/src/app/page.tsx [Server Component]

  Client Component SSR:
    ./quick-memo/src/app/page.tsx [Client Component SSR]
    ./quick-memo/src/app/page.tsx [Server Component]

https://nextjs.org/docs/messages/module-not-found


./quick-memo/src/app/dashboard/page.tsx:9:1
Module not found: Can't resolve '@/components/ui/badge'
[0m [90m  7 |[39m [36mimport[39m { [33mCard[39m[33m,[39m [33mCardContent[39m[33m,[39m [33mCardHeader[39m[33m,[39m [33mCardTitle[39m } [36mfrom[39m [32m'@/components/ui/card'[39m[33m;[39m
 [90m  8 |[39m [36mimport[39m { [33mTabs[39m[33m,[39m [33mTabsContent[39m[33m,[39m [33mTabsList[39m[33m,[39m [33mTabsTrigger[39m } [36mfrom[39m [32m'@/components/ui/tabs'[39m[33m;[39m
[31m[1m>[22m[39m[90m  9 |[39m [36mimport[39m { [33mBadge[39m } [36mfrom[39m [32m'@/components/ui/badge'[39m[33m;[39m
 [90m    |[39m [31m[1m^[22m[39m[31m[1m^[22m[39m[31m[1m^[22m[39m[31m[1m^[22m[39m[31m[1m^[22m[39m[31m[1m^[22m[39m[31m[1m^[22m[39m[31m[1m^[22m[39m[31m[1m^[22m[39m[31m[1m^[22m[39m[31m[1m^[22m[39m[31m[1m^[22m[39m[31m[1m^[22m[39m[31m[1m^[22m[39m[31m[1m^[22m[39m[31m[1m^[22m[39m[31m[1m^[22m[39m[31m[1m^[22m[39m[31m[1m^[22m[39m[31m[1m^[22m[39m[31m[1m^[22m[39m[31m[1m^[22m[39m[31m[1m^[22m[39m[31m[1m^[22m[39m[31m[1m^[22m[39m[31m[1m^[22m[39m[31m[1m^[22m[39m[31m[1m^[22m[39m[31m[1m^[22m[39m[31m[1m^[22m[39m[31m[1m^[22m[39m[31m[1m^[22m[39m[31m[1m^[22m[39m[31m[1m^[22m[39m[31m[1m^[22m[39m[31m[1m^[22m[39m[31m[1m^[22m[39m[31m[1m^[22m[39m[31m[1m^[22m[39m[31m[1m^[22m[39m[31m[1m^[22m[39m[31m[1m^[22m[39m[31m[1m^[22m[39m[31m[1m^[22m[39m[31m[1m^[22m[39m[31m[1m^[22m[39m
 [90m 10 |[39m [36mimport[39m {
 [90m 11 |[39m     [33mSettings[39m[33m,[39m
 [90m 12 |[39m     [33mFileText[39m[33m,[39m[0m

Import map: aliased to relative './components/ui/badge' inside of [project]/quick-memo


Import traces:
  Client Component Browser:
    ./quick-memo/src/app/dashboard/page.tsx [Client Component Browser]
    ./quick-memo/src/app/dashboard/page.tsx [Server Component]

  Client Component SSR:
    ./quick-memo/src/app/dashboard/page.tsx [Client Component SSR]
    ./quick-memo/src/app/dashboard/page.tsx [Server Component]

https://nextjs.org/docs/messages/module-not-found


./quick-memo/src/app/auth/login/page.tsx:6:1
Module not found: Can't resolve '@/components/ui/button'
[0m [90m 4 |[39m [36mimport[39m { useRouter } [36mfrom[39m [32m'next/navigation'[39m[33m;[39m
 [90m 5 |[39m [36mimport[39m [33mLink[39m [36mfrom[39m [32m'next/link'[39m[33m;[39m
[31m[1m>[22m[39m[90m 6 |[39m [36mimport[39m { [33mButton[39m } [36mfrom[39m [32m'@/components/ui/button'[39m[33m;[39m
 [90m   |[39m [31m[1m^[22m[39m[31m[1m^[22m[39m[31m[1m^[22m[39m[31m[1m^[22m[39m[31m[1m^[22m[39m[31m[1m^[22m[39m[31m[1m^[22m[39m[31m[1m^[22m[39m[31m[1m^[22m[39m[31m[1m^[22m[39m[31m[1m^[22m[39m[31m[1m^[22m[39m[31m[1m^[22m[39m[31m[1m^[22m[39m[31m[1m^[22m[39m[31m[1m^[22m[39m[31m[1m^[22m[39m[31m[1m^[22m[39m[31m[1m^[22m[39m[31m[1m^[22m[39m[31m[1m^[22m[39m[31m[1m^[22m[39m[31m[1m^[22m[39m[31m[1m^[22m[39m[31m[1m^[22m[39m[31m[1m^[22m[39m[31m[1m^[22m[39m[31m[1m^[22m[39m[31m[1m^[22m[39m[31m[1m^[22m[39m[31m[1m^[22m[39m[31m[1m^[22m[39m[31m[1m^[22m[39m[31m[1m^[22m[39m[31m[1m^[22m[39m[31m[1m^[22m[39m[31m[1m^[22m[39m[31m[1m^[22m[39m[31m[1m^[22m[39m[31m[1m^[22m[39m[31m[1m^[22m[39m[31m[1m^[22m[39m[31m[1m^[22m[39m[31m[1m^[22m[39m[31m[1m^[22m[39m[31m[1m^[22m[39m[31m[1m^[22m[39m[31m[1m^[22m[39m
 [90m 7 |[39m [36mimport[39m { [33mInput[39m } [36mfrom[39m [32m'@/components/ui/input'[39m[33m;[39m
 [90m 8 |[39m [36mimport[39m { [33mLabel[39m } [36mfrom[39m [32m'@/components/ui/label'[39m[33m;[39m
 [90m 9 |[39m [36mimport[39m { [33mCard[39m[33m,[39m [33mCardContent[39m[33m,[39m [33mCardHeader[39m[33m,[39m [33mCardTitle[39m } [36mfrom[39m [32m'@/components/ui/card'[39m[33m;[39m[0m

Import map: aliased to relative './components/ui/button' inside of [project]/quick-memo


Import traces:
  Client Component Browser:
    ./quick-memo/src/app/auth/login/page.tsx [Client Component Browser]
    ./quick-memo/src/app/auth/login/page.tsx [Server Component]

  Client Component SSR:
    ./quick-memo/src/app/auth/login/page.tsx [Client Component SSR]
    ./quick-memo/src/app/auth/login/page.tsx [Server Component]

https://nextjs.org/docs/messages/module-not-found


./quick-memo/src/app/dashboard/page.tsx:6:1
Module not found: Can't resolve '@/components/ui/button'
[0m [90m 4 |[39m [36mimport[39m { useRouter } [36mfrom[39m [32m'next/navigation'[39m[33m;[39m
 [90m 5 |[39m [36mimport[39m [33mLink[39m [36mfrom[39m [32m'next/link'[39m[33m;[39m
[31m[1m>[22m[39m[90m 6 |[39m [36mimport[39m { [33mButton[39m } [36mfrom[39m [32m'@/components/ui/button'[39m[33m;[39m
 [90m   |[39m [31m[1m^[22m[39m[31m[1m^[22m[39m[31m[1m^[22m[39m[31m[1m^[22m[39m[31m[1m^[22m[39m[31m[1m^[22m[39m[31m[1m^[22m[39m[31m[1m^[22m[39m[31m[1m^[22m[39m[31m[1m^[22m[39m[31m[1m^[22m[39m[31m[1m^[22m[39m[31m[1m^[22m[39m[31m[1m^[22m[39m[31m[1m^[22m[39m[31m[1m^[22m[39m[31m[1m^[22m[39m[31m[1m^[22m[39m[31m[1m^[22m[39m[31m[1m^[22m[39m[31m[1m^[22m[39m[31m[1m^[22m[39m[31m[1m^[22m[39m[31m[1m^[22m[39m[31m[1m^[22m[39m[31m[1m^[22m[39m[31m[1m^[22m[39m[31m[1m^[22m[39m[31m[1m^[22m[39m[31m[1m^[22m[39m[31m[1m^[22m[39m[31m[1m^[22m[39m[31m[1m^[22m[39m[31m[1m^[22m[39m[31m[1m^[22m[39m[31m[1m^[22m[39m[31m[1m^[22m[39m[31m[1m^[22m[39m[31m[1m^[22m[39m[31m[1m^[22m[39m[31m[1m^[22m[39m[31m[1m^[22m[39m[31m[1m^[22m[39m[31m[1m^[22m[39m[31m[1m^[22m[39m[31m[1m^[22m[39m[31m[1m^[22m[39m[31m[1m^[22m[39m
 [90m 7 |[39m [36mimport[39m { [33mCard[39m[33m,[39m [33mCardContent[39m[33m,[39m [33mCardHeader[39m[33m,[39m [33mCardTitle[39m } [36mfrom[39m [32m'@/components/ui/card'[39m[33m;[39m
 [90m 8 |[39m [36mimport[39m { [33mTabs[39m[33m,[39m [33mTabsContent[39m[33m,[39m [33mTabsList[39m[33m,[39m [33mTabsTrigger[39m } [36mfrom[39m [32m'@/components/ui/tabs'[39m[33m;[39m
 [90m 9 |[39m [36mimport[39m { [33mBadge[39m } [36mfrom[39m [32m'@/components/ui/badge'[39m[33m;[39m[0m

Import map: aliased to relative './components/ui/button' inside of [project]/quick-memo


Import traces:
  Client Component Browser:
    ./quick-memo/src/app/dashboard/page.tsx [Client Component Browser]
    ./quick-memo/src/app/dashboard/page.tsx [Server Component]

  Client Component SSR:
    ./quick-memo/src/app/dashboard/page.tsx [Client Component SSR]
    ./quick-memo/src/app/dashboard/page.tsx [Server Component]

https://nextjs.org/docs/messages/module-not-found


./quick-memo/src/app/page.tsx:9:1
Module not found: Can't resolve '@/components/ui/button'
[0m [90m  7 |[39m [36mimport[39m [33mProFeaturesModal[39m [36mfrom[39m [32m'@/components/pro-features-modal'[39m[33m;[39m
 [90m  8 |[39m [36mimport[39m [33mSubscriptionStatus[39m [36mfrom[39m [32m'@/components/subscription-status'[39m[33m;[39m
[31m[1m>[22m[39m[90m  9 |[39m [36mimport[39m { [33mButton[39m } [36mfrom[39m [32m'@/components/ui/button'[39m[33m;[39m
 [90m    |[39m [31m[1m^[22m[39m[31m[1m^[22m[39m[31m[1m^[22m[39m[31m[1m^[22m[39m[31m[1m^[22m[39m[31m[1m^[22m[39m[31m[1m^[22m[39m[31m[1m^[22m[39m[31m[1m^[22m[39m[31m[1m^[22m[39m[31m[1m^[22m[39m[31m[1m^[22m[39m[31m[1m^[22m[39m[31m[1m^[22m[39m[31m[1m^[22m[39m[31m[1m^[22m[39m[31m[1m^[22m[39m[31m[1m^[22m[39m[31m[1m^[22m[39m[31m[1m^[22m[39m[31m[1m^[22m[39m[31m[1m^[22m[39m[31m[1m^[22m[39m[31m[1m^[22m[39m[31m[1m^[22m[39m[31m[1m^[22m[39m[31m[1m^[22m[39m[31m[1m^[22m[39m[31m[1m^[22m[39m[31m[1m^[22m[39m[31m[1m^[22m[39m[31m[1m^[22m[39m[31m[1m^[22m[39m[31m[1m^[22m[39m[31m[1m^[22m[39m[31m[1m^[22m[39m[31m[1m^[22m[39m[31m[1m^[22m[39m[31m[1m^[22m[39m[31m[1m^[22m[39m[31m[1m^[22m[39m[31m[1m^[22m[39m[31m[1m^[22m[39m[31m[1m^[22m[39m[31m[1m^[22m[39m[31m[1m^[22m[39m[31m[1m^[22m[39m[31m[1m^[22m[39m
 [90m 10 |[39m [36mimport[39m { [33mCard[39m[33m,[39m [33mCardContent[39m } [36mfrom[39m [32m'@/components/ui/card'[39m[33m;[39m
 [90m 11 |[39m [36mimport[39m { [33mTabs[39m[33m,[39m [33mTabsContent[39m[33m,[39m [33mTabsList[39m[33m,[39m [33mTabsTrigger[39m } [36mfrom[39m [32m'@/components/ui/tabs'[39m[33m;[39m
 [90m 12 |[39m [36mimport[39m { [33mFileText[39m[33m,[39m [33mDownload[39m[33m,[39m [33mCrown[39m[33m,[39m [33mZap[39m[33m,[39m [33mShield[39m[33m,[39m [33mUsers[39m[33m,[39m [33mBox[39m[33m,[39m [33mTruck[39m[33m,[39m [33mCreditCard[39m[33m,[39m [33mLayoutDashboard[39m } [36mfrom[39m [32m'lucide-react'[39m[33m;[39m[0m

Import map: aliased to relative './components/ui/button' inside of [project]/quick-memo


Import traces:
  Client Component Browser:
    ./quick-memo/src/app/page.tsx [Client Component Browser]
    ./quick-memo/src/app/page.tsx [Server Component]

  Client Component SSR:
    ./quick-memo/src/app/page.tsx [Client Component SSR]
    ./quick-memo/src/app/page.tsx [Server Component]

https://nextjs.org/docs/messages/module-not-found


./quick-memo/src/app/auth/login/page.tsx:9:1
Module not found: Can't resolve '@/components/ui/card'
[0m [90m  7 |[39m [36mimport[39m { [33mInput[39m } [36mfrom[39m [32m'@/components/ui/input'[39m[33m;[39m
 [90m  8 |[39m [36mimport[39m { [33mLabel[39m } [36mfrom[39m [32m'@/components/ui/label'[39m[33m;[39m
[31m[1m>[22m[39m[90m  9 |[39m [36mimport[39m { [33mCard[39m[33m,[39m [33mCardContent[39m[33m,[39m [33mCardHeader[39m[33m,[39m [33mCardTitle[39m } [36mfrom[39m [32m'@/components/ui/card'[39m[33m;[39m
 [90m    |[39m [31m[1m^[22m[39m[31m[1m^[22m[39m[31m[1m^[22m[39m[31m[1m^[22m[39m[31m[1m^[22m[39m[31m[1m^[22m[39m[31m[1m^[22m[39m[31m[1m^[22m[39m[31m[1m^[22m[39m[31m[1m^[22m[39m[31m[1m^[22m[39m[31m[1m^[22m[39m[31m[1m^[22m[39m[31m[1m^[22m[39m[31m[1m^[22m[39m[31m[1m^[22m[39m[31m[1m^[22m[39m[31m[1m^[22m[39m[31m[1m^[22m[39m[31m[1m^[22m[39m[31m[1m^[22m[39m[31m[1m^[22m[39m[31m[1m^[22m[39m[31m[1m^[22m[39m[31m[1m^[22m[39m[31m[1m^[22m[39m[31m[1m^[22m[39m[31m[1m^[22m[39m[31m[1m^[22m[39m[31m[1m^[22m[39m[31m[1m^[22m[39m[31m[1m^[22m[39m[31m[1m^[22m[39m[31m[1m^[22m[39m[31m[1m^[22m[39m[31m[1m^[22m[39m[31m[1m^[22m[39m[31m[1m^[22m[39m[31m[1m^[22m[39m[31m[1m^[22m[39m[31m[1m^[22m[39m[31m[1m^[22m[39m[31m[1m^[22m[39m[31m[1m^[22m[39m[31m[1m^[22m[39m[31m[1m^[22m[39m[31m[1m^[22m[39m[31m[1m^[22m[39m[31m[1m^[22m[39m[31m[1m^[22m[39m[31m[1m^[22m[39m[31m[1m^[22m[39m[31m[1m^[22m[39m[31m[1m^[22m[39m[31m[1m^[22m[39m[31m[1m^[22m[39m[31m[1m^[22m[39m[31m[1m^[22m[39m[31m[1m^[22m[39m[31m[1m^[22m[39m[31m[1m^[22m[39m[31m[1m^[22m[39m[31m[1m^[22m[39m[31m[1m^[22m[39m[31m[1m^[22m[39m[31m[1m^[22m[39m[31m[1m^[22m[39m[31m[1m^[22m[39m[31m[1m^[22m[39m[31m[1m^[22m[39m[31m[1m^[22m[39m[31m[1m^[22m[39m[31m[1m^[22m[39m[31m[1m^[22m[39m[31m[1m^[22m[39m[31m[1m^[22m[39m[31m[1m^[22m[39m[31m[1m^[22m[39m[31m[1m^[22m[39m[31m[1m^[22m[39m
 [90m 10 |[39m [36mimport[39m { [33mTabs[39m[33m,[39m [33mTabsContent[39m[33m,[39m [33mTabsList[39m[33m,[39m [33mTabsTrigger[39m } [36mfrom[39m [32m'@/components/ui/tabs'[39m[33m;[39m
 [90m 11 |[39m [36mimport[39m { [33mFileText[39m } [36mfrom[39m [32m'lucide-react'[39m[33m;[39m
 [90m 12 |[39m [36mimport[39m { toast } [36mfrom[39m [32m'sonner'[39m[33m;[39m[0m

Import map: aliased to relative './components/ui/card' inside of [project]/quick-memo


Import traces:
  Client Component Browser:
    ./quick-memo/src/app/auth/login/page.tsx [Client Component Browser]
    ./quick-memo/src/app/auth/login/page.tsx [Server Component]

  Client Component SSR:
    ./quick-memo/src/app/auth/login/page.tsx [Client Component SSR]
    ./quick-memo/src/app/auth/login/page.tsx [Server Component]

https://nextjs.org/docs/messages/module-not-found


./quick-memo/src/app/dashboard/page.tsx:7:1
Module not found: Can't resolve '@/components/ui/card'
[0m [90m  5 |[39m [36mimport[39m [33mLink[39m [36mfrom[39m [32m'next/link'[39m[33m;[39m
 [90m  6 |[39m [36mimport[39m { [33mButton[39m } [36mfrom[39m [32m'@/components/ui/button'[39m[33m;[39m
[31m[1m>[22m[39m[90m  7 |[39m [36mimport[39m { [33mCard[39m[33m,[39m [33mCardContent[39m[33m,[39m [33mCardHeader[39m[33m,[39m [33mCardTitle[39m } [36mfrom[39m [32m'@/components/ui/card'[39m[33m;[39m
 [90m    |[39m [31m[1m^[22m[39m[31m[1m^[22m[39m[31m[1m^[22m[39m[31m[1m^[22m[39m[31m[1m^[22m[39m[31m[1m^[22m[39m[31m[1m^[22m[39m[31m[1m^[22m[39m[31m[1m^[22m[39m[31m[1m^[22m[39m[31m[1m^[22m[39m[31m[1m^[22m[39m[31m[1m^[22m[39m[31m[1m^[22m[39m[31m[1m^[22m[39m[31m[1m^[22m[39m[31m[1m^[22m[39m[31m[1m^[22m[39m[31m[1m^[22m[39m[31m[1m^[22m[39m[31m[1m^[22m[39m[31m[1m^[22m[39m[31m[1m^[22m[39m[31m[1m^[22m[39m[31m[1m^[22m[39m[31m[1m^[22m[39m[31m[1m^[22m[39m[31m[1m^[22m[39m[31m[1m^[22m[39m[31m[1m^[22m[39m[31m[1m^[22m[39m[31m[1m^[22m[39m[31m[1m^[22m[39m[31m[1m^[22m[39m[31m[1m^[22m[39m[31m[1m^[22m[39m[31m[1m^[22m[39m[31m[1m^[22m[39m[31m[1m^[22m[39m[31m[1m^[22m[39m[31m[1m^[22m[39m[31m[1m^[22m[39m[31m[1m^[22m[39m[31m[1m^[22m[39m[31m[1m^[22m[39m[31m[1m^[22m[39m[31m[1m^[22m[39m[31m[1m^[22m[39m[31m[1m^[22m[39m[31m[1m^[22m[39m[31m[1m^[22m[39m[31m[1m^[22m[39m[31m[1m^[22m[39m[31m[1m^[22m[39m[31m[1m^[22m[39m[31m[1m^[22m[39m[31m[1m^[22m[39m[31m[1m^[22m[39m[31m[1m^[22m[39m[31m[1m^[22m[39m[31m[1m^[22m[39m[31m[1m^[22m[39m[31m[1m^[22m[39m[31m[1m^[22m[39m[31m[1m^[22m[39m[31m[1m^[22m[39m[31m[1m^[22m[39m[31m[1m^[22m[39m[31m[1m^[22m[39m[31m[1m^[22m[39m[31m[1m^[22m[39m[31m[1m^[22m[39m[31m[1m^[22m[39m[31m[1m^[22m[39m[31m[1m^[22m[39m[31m[1m^[22m[39m[31m[1m^[22m[39m[31m[1m^[22m[39m[31m[1m^[22m[39m[31m[1m^[22m[39m
 [90m  8 |[39m [36mimport[39m { [33mTabs[39m[33m,[39m [33mTabsContent[39m[33m,[39m [33mTabsList[39m[33m,[39m [33mTabsTrigger[39m } [36mfrom[39m [32m'@/components/ui/tabs'[39m[33m;[39m
 [90m  9 |[39m [36mimport[39m { [33mBadge[39m } [36mfrom[39m [32m'@/components/ui/badge'[39m[33m;[39m
 [90m 10 |[39m [36mimport[39m {[0m

Import map: aliased to relative './components/ui/card' inside of [project]/quick-memo


Import traces:
  Client Component Browser:
    ./quick-memo/src/app/dashboard/page.tsx [Client Component Browser]
    ./quick-memo/src/app/dashboard/page.tsx [Server Component]

  Client Component SSR:
    ./quick-memo/src/app/dashboard/page.tsx [Client Component SSR]
    ./quick-memo/src/app/dashboard/page.tsx [Server Component]

https://nextjs.org/docs/messages/module-not-found


./quick-memo/src/app/page.tsx:10:1
Module not found: Can't resolve '@/components/ui/card'
[0m [90m  8 |[39m [36mimport[39m [33mSubscriptionStatus[39m [36mfrom[39m [32m'@/components/subscription-status'[39m[33m;[39m
 [90m  9 |[39m [36mimport[39m { [33mButton[39m } [36mfrom[39m [32m'@/components/ui/button'[39m[33m;[39m
[31m[1m>[22m[39m[90m 10 |[39m [36mimport[39m { [33mCard[39m[33m,[39m [33mCardContent[39m } [36mfrom[39m [32m'@/components/ui/card'[39m[33m;[39m
 [90m    |[39m [31m[1m^[22m[39m[31m[1m^[22m[39m[31m[1m^[22m[39m[31m[1m^[22m[39m[31m[1m^[22m[39m[31m[1m^[22m[39m[31m[1m^[22m[39m[31m[1m^[22m[39m[31m[1m^[22m[39m[31m[1m^[22m[39m[31m[1m^[22m[39m[31m[1m^[22m[39m[31m[1m^[22m[39m[31m[1m^[22m[39m[31m[1m^[22m[39m[31m[1m^[22m[39m[31m[1m^[22m[39m[31m[1m^[22m[39m[31m[1m^[22m[39m[31m[1m^[22m[39m[31m[1m^[22m[39m[31m[1m^[22m[39m[31m[1m^[22m[39m[31m[1m^[22m[39m[31m[1m^[22m[39m[31m[1m^[22m[39m[31m[1m^[22m[39m[31m[1m^[22m[39m[31m[1m^[22m[39m[31m[1m^[22m[39m[31m[1m^[22m[39m[31m[1m^[22m[39m[31m[1m^[22m[39m[31m[1m^[22m[39m[31m[1m^[22m[39m[31m[1m^[22m[39m[31m[1m^[22m[39m[31m[1m^[22m[39m[31m[1m^[22m[39m[31m[1m^[22m[39m[31m[1m^[22m[39m[31m[1m^[22m[39m[31m[1m^[22m[39m[31m[1m^[22m[39m[31m[1m^[22m[39m[31m[1m^[22m[39m[31m[1m^[22m[39m[31m[1m^[22m[39m[31m[1m^[22m[39m[31m[1m^[22m[39m[31m[1m^[22m[39m[31m[1m^[22m[39m[31m[1m^[22m[39m[31m[1m^[22m[39m[31m[1m^[22m[39m[31m[1m^[22m[39m[31m[1m^[22m[39m
 [90m 11 |[39m [36mimport[39m { [33mTabs[39m[33m,[39m [33mTabsContent[39m[33m,[39m [33mTabsList[39m[33m,[39m [33mTabsTrigger[39m } [36mfrom[39m [32m'@/components/ui/tabs'[39m[33m;[39m
 [90m 12 |[39m [36mimport[39m { [33mFileText[39m[33m,[39m [33mDownload[39m[33m,[39m [33mCrown[39m[33m,[39m [33mZap[39m[33m,[39m [33mShield[39m[33m,[39m [33mUsers[39m[33m,[39m [33mBox[39m[33m,[39m [33mTruck[39m[33m,[39m [33mCreditCard[39m[33m,[39m [33mLayoutDashboard[39m } [36mfrom[39m [32m'lucide-react'[39m[33m;[39m
 [90m 13 |[39m [36mimport[39m { toast } [36mfrom[39m [32m'sonner'[39m[33m;[39m[0m

Import map: aliased to relative './components/ui/card' inside of [project]/quick-memo


Import traces:
  Client Component Browser:
    ./quick-memo/src/app/page.tsx [Client Component Browser]
    ./quick-memo/src/app/page.tsx [Server Component]

  Client Component SSR:
    ./quick-memo/src/app/page.tsx [Client Component SSR]
    ./quick-memo/src/app/page.tsx [Server Component]

https://nextjs.org/docs/messages/module-not-found


./quick-memo/src/app/auth/login/page.tsx:7:1
Module not found: Can't resolve '@/components/ui/input'
[0m [90m  5 |[39m [36mimport[39m [33mLink[39m [36mfrom[39m [32m'next/link'[39m[33m;[39m
 [90m  6 |[39m [36mimport[39m { [33mButton[39m } [36mfrom[39m [32m'@/components/ui/button'[39m[33m;[39m
[31m[1m>[22m[39m[90m  7 |[39m [36mimport[39m { [33mInput[39m } [36mfrom[39m [32m'@/components/ui/input'[39m[33m;[39m
 [90m    |[39m [31m[1m^[22m[39m[31m[1m^[22m[39m[31m[1m^[22m[39m[31m[1m^[22m[39m[31m[1m^[22m[39m[31m[1m^[22m[39m[31m[1m^[22m[39m[31m[1m^[22m[39m[31m[1m^[22m[39m[31m[1m^[22m[39m[31m[1m^[22m[39m[31m[1m^[22m[39m[31m[1m^[22m[39m[31m[1m^[22m[39m[31m[1m^[22m[39m[31m[1m^[22m[39m[31m[1m^[22m[39m[31m[1m^[22m[39m[31m[1m^[22m[39m[31m[1m^[22m[39m[31m[1m^[22m[39m[31m[1m^[22m[39m[31m[1m^[22m[39m[31m[1m^[22m[39m[31m[1m^[22m[39m[31m[1m^[22m[39m[31m[1m^[22m[39m[31m[1m^[22m[39m[31m[1m^[22m[39m[31m[1m^[22m[39m[31m[1m^[22m[39m[31m[1m^[22m[39m[31m[1m^[22m[39m[31m[1m^[22m[39m[31m[1m^[22m[39m[31m[1m^[22m[39m[31m[1m^[22m[39m[31m[1m^[22m[39m[31m[1m^[22m[39m[31m[1m^[22m[39m[31m[1m^[22m[39m[31m[1m^[22m[39m[31m[1m^[22m[39m[31m[1m^[22m[39m[31m[1m^[22m[39m[31m[1m^[22m[39m
 [90m  8 |[39m [36mimport[39m { [33mLabel[39m } [36mfrom[39m [32m'@/components/ui/label'[39m[33m;[39m
 [90m  9 |[39m [36mimport[39m { [33mCard[39m[33m,[39m [33mCardContent[39m[33m,[39m [33mCardHeader[39m[33m,[39m [33mCardTitle[39m } [36mfrom[39m [32m'@/components/ui/card'[39m[33m;[39m
 [90m 10 |[39m [36mimport[39m { [33mTabs[39m[33m,[39m [33mTabsContent[39m[33m,[39m [33mTabsList[39m[33m,[39m [33mTabsTrigger[39m } [36mfrom[39m [32m'@/components/ui/tabs'[39m[33m;[39m[0m

Import map: aliased to relative './components/ui/input' inside of [project]/quick-memo


Import traces:
  Client Component Browser:
    ./quick-memo/src/app/auth/login/page.tsx [Client Component Browser]
    ./quick-memo/src/app/auth/login/page.tsx [Server Component]

  Client Component SSR:
    ./quick-memo/src/app/auth/login/page.tsx [Client Component SSR]
    ./quick-memo/src/app/auth/login/page.tsx [Server Component]

https://nextjs.org/docs/messages/module-not-found


./quick-memo/src/app/auth/login/page.tsx:8:1
Module not found: Can't resolve '@/components/ui/label'
[0m [90m  6 |[39m [36mimport[39m { [33mButton[39m } [36mfrom[39m [32m'@/components/ui/button'[39m[33m;[39m
 [90m  7 |[39m [36mimport[39m { [33mInput[39m } [36mfrom[39m [32m'@/components/ui/input'[39m[33m;[39m
[31m[1m>[22m[39m[90m  8 |[39m [36mimport[39m { [33mLabel[39m } [36mfrom[39m [32m'@/components/ui/label'[39m[33m;[39m
 [90m    |[39m [31m[1m^[22m[39m[31m[1m^[22m[39m[31m[1m^[22m[39m[31m[1m^[22m[39m[31m[1m^[22m[39m[31m[1m^[22m[39m[31m[1m^[22m[39m[31m[1m^[22m[39m[31m[1m^[22m[39m[31m[1m^[22m[39m[31m[1m^[22m[39m[31m[1m^[22m[39m[31m[1m^[22m[39m[31m[1m^[22m[39m[31m[1m^[22m[39m[31m[1m^[22m[39m[31m[1m^[22m[39m[31m[1m^[22m[39m[31m[1m^[22m[39m[31m[1m^[22m[39m[31m[1m^[22m[39m[31m[1m^[22m[39m[31m[1m^[22m[39m[31m[1m^[22m[39m[31m[1m^[22m[39m[31m[1m^[22m[39m[31m[1m^[22m[39m[31m[1m^[22m[39m[31m[1m^[22m[39m[31m[1m^[22m[39m[31m[1m^[22m[39m[31m[1m^[22m[39m[31m[1m^[22m[39m[31m[1m^[22m[39m[31m[1m^[22m[39m[31m[1m^[22m[39m[31m[1m^[22m[39m[31m[1m^[22m[39m[31m[1m^[22m[39m[31m[1m^[22m[39m[31m[1m^[22m[39m[31m[1m^[22m[39m[31m[1m^[22m[39m[31m[1m^[22m[39m[31m[1m^[22m[39m[31m[1m^[22m[39m
 [90m  9 |[39m [36mimport[39m { [33mCard[39m[33m,[39m [33mCardContent[39m[33m,[39m [33mCardHeader[39m[33m,[39m [33mCardTitle[39m } [36mfrom[39m [32m'@/components/ui/card'[39m[33m;[39m
 [90m 10 |[39m [36mimport[39m { [33mTabs[39m[33m,[39m [33mTabsContent[39m[33m,[39m [33mTabsList[39m[33m,[39m [33mTabsTrigger[39m } [36mfrom[39m [32m'@/components/ui/tabs'[39m[33m;[39m
 [90m 11 |[39m [36mimport[39m { [33mFileText[39m } [36mfrom[39m [32m'lucide-react'[39m[33m;[39m[0m

Import map: aliased to relative './components/ui/label' inside of [project]/quick-memo


Import traces:
  Client Component Browser:
    ./quick-memo/src/app/auth/login/page.tsx [Client Component Browser]
    ./quick-memo/src/app/auth/login/page.tsx [Server Component]

  Client Component SSR:
    ./quick-memo/src/app/auth/login/page.tsx [Client Component SSR]
    ./quick-memo/src/app/auth/login/page.tsx [Server Component]

https://nextjs.org/docs/messages/module-not-found


./quick-memo/src/app/auth/login/page.tsx:10:1
Module not found: Can't resolve '@/components/ui/tabs'
[0m [90m  8 |[39m [36mimport[39m { [33mLabel[39m } [36mfrom[39m [32m'@/components/ui/label'[39m[33m;[39m
 [90m  9 |[39m [36mimport[39m { [33mCard[39m[33m,[39m [33mCardContent[39m[33m,[39m [33mCardHeader[39m[33m,[39m [33mCardTitle[39m } [36mfrom[39m [32m'@/components/ui/card'[39m[33m;[39m
[31m[1m>[22m[39m[90m 10 |[39m [36mimport[39m { [33mTabs[39m[33m,[39m [33mTabsContent[39m[33m,[39m [33mTabsList[39m[33m,[39m [33mTabsTrigger[39m } [36mfrom[39m [32m'@/components/ui/tabs'[39m[33m;[39m
 [90m    |[39m [31m[1m^[22m[39m[31m[1m^[22m[39m[31m[1m^[22m[39m[31m[1m^[22m[39m[31m[1m^[22m[39m[31m[1m^[22m[39m[31m[1m^[22m[39m[31m[1m^[22m[39m[31m[1m^[22m[39m[31m[1m^[22m[39m[31m[1m^[22m[39m[31m[1m^[22m[39m[31m[1m^[22m[39m[31m[1m^[22m[39m[31m[1m^[22m[39m[31m[1m^[22m[39m[31m[1m^[22m[39m[31m[1m^[22m[39m[31m[1m^[22m[39m[31m[1m^[22m[39m[31m[1m^[22m[39m[31m[1m^[22m[39m[31m[1m^[22m[39m[31m[1m^[22m[39m[31m[1m^[22m[39m[31m[1m^[22m[39m[31m[1m^[22m[39m[31m[1m^[22m[39m[31m[1m^[22m[39m[31m[1m^[22m[39m[31m[1m^[22m[39m[31m[1m^[22m[39m[31m[1m^[22m[39m[31m[1m^[22m[39m[31m[1m^[22m[39m[31m[1m^[22m[39m[31m[1m^[22m[39m[31m[1m^[22m[39m[31m[1m^[22m[39m[31m[1m^[22m[39m[31m[1m^[22m[39m[31m[1m^[22m[39m[31m[1m^[22m[39m[31m[1m^[22m[39m[31m[1m^[22m[39m[31m[1m^[22m[39m[31m[1m^[22m[39m[31m[1m^[22m[39m[31m[1m^[22m[39m[31m[1m^[22m[39m[31m[1m^[22m[39m[31m[1m^[22m[39m[31m[1m^[22m[39m[31m[1m^[22m[39m[31m[1m^[22m[39m[31m[1m^[22m[39m[31m[1m^[22m[39m[31m[1m^[22m[39m[31m[1m^[22m[39m[31m[1m^[22m[39m[31m[1m^[22m[39m[31m[1m^[22m[39m[31m[1m^[22m[39m[31m[1m^[22m[39m[31m[1m^[22m[39m[31m[1m^[22m[39m[31m[1m^[22m[39m[31m[1m^[22m[39m[31m[1m^[22m[39m[31m[1m^[22m[39m[31m[1m^[22m[39m[31m[1m^[22m[39m[31m[1m^[22m[39m[31m[1m^[22m[39m[31m[1m^[22m[39m[31m[1m^[22m[39m[31m[1m^[22m[39m[31m[1m^[22m[39m[31m[1m^[22m[39m[31m[1m^[22m[39m
 [90m 11 |[39m [36mimport[39m { [33mFileText[39m } [36mfrom[39m [32m'lucide-react'[39m[33m;[39m
 [90m 12 |[39m [36mimport[39m { toast } [36mfrom[39m [32m'sonner'[39m[33m;[39m
 [90m 13 |[39m[0m

Import map: aliased to relative './components/ui/tabs' inside of [project]/quick-memo


Import traces:
  Client Component Browser:
    ./quick-memo/src/app/auth/login/page.tsx [Client Component Browser]
    ./quick-memo/src/app/auth/login/page.tsx [Server Component]

  Client Component SSR:
    ./quick-memo/src/app/auth/login/page.tsx [Client Component SSR]
    ./quick-memo/src/app/auth/login/page.tsx [Server Component]

https://nextjs.org/docs/messages/module-not-found


./quick-memo/src/app/dashboard/page.tsx:8:1
Module not found: Can't resolve '@/components/ui/tabs'
[0m [90m  6 |[39m [36mimport[39m { [33mButton[39m } [36mfrom[39m [32m'@/components/ui/button'[39m[33m;[39m
 [90m  7 |[39m [36mimport[39m { [33mCard[39m[33m,[39m [33mCardContent[39m[33m,[39m [33mCardHeader[39m[33m,[39m [33mCardTitle[39m } [36mfrom[39m [32m'@/components/ui/card'[39m[33m;[39m
[31m[1m>[22m[39m[90m  8 |[39m [36mimport[39m { [33mTabs[39m[33m,[39m [33mTabsContent[39m[33m,[39m [33mTabsList[39m[33m,[39m [33mTabsTrigger[39m } [36mfrom[39m [32m'@/components/ui/tabs'[39m[33m;[39m
 [90m    |[39m [31m[1m^[22m[39m[31m[1m^[22m[39m[31m[1m^[22m[39m[31m[1m^[22m[39m[31m[1m^[22m[39m[31m[1m^[22m[39m[31m[1m^[22m[39m[31m[1m^[22m[39m[31m[1m^[22m[39m[31m[1m^[22m[39m[31m[1m^[22m[39m[31m[1m^[22m[39m[31m[1m^[22m[39m[31m[1m^[22m[39m[31m[1m^[22m[39m[31m[1m^[22m[39m[31m[1m^[22m[39m[31m[1m^[22m[39m[31m[1m^[22m[39m[31m[1m^[22m[39m[31m[1m^[22m[39m[31m[1m^[22m[39m[31m[1m^[22m[39m[31m[1m^[22m[39m[31m[1m^[22m[39m[31m[1m^[22m[39m[31m[1m^[22m[39m[31m[1m^[22m[39m[31m[1m^[22m[39m[31m[1m^[22m[39m[31m[1m^[22m[39m[31m[1m^[22m[39m[31m[1m^[22m[39m[31m[1m^[22m[39m[31m[1m^[22m[39m[31m[1m^[22m[39m[31m[1m^[22m[39m[31m[1m^[22m[39m[31m[1m^[22m[39m[31m[1m^[22m[39m[31m[1m^[22m[39m[31m[1m^[22m[39m[31m[1m^[22m[39m[31m[1m^[22m[39m[31m[1m^[22m[39m[31m[1m^[22m[39m[31m[1m^[22m[39m[31m[1m^[22m[39m[31m[1m^[22m[39m[31m[1m^[22m[39m[31m[1m^[22m[39m[31m[1m^[22m[39m[31m[1m^[22m[39m[31m[1m^[22m[39m[31m[1m^[22m[39m[31m[1m^[22m[39m[31m[1m^[22m[39m[31m[1m^[22m[39m[31m[1m^[22m[39m[31m[1m^[22m[39m[31m[1m^[22m[39m[31m[1m^[22m[39m[31m[1m^[22m[39m[31m[1m^[22m[39m[31m[1m^[22m[39m[31m[1m^[22m[39m[31m[1m^[22m[39m[31m[1m^[22m[39m[31m[1m^[22m[39m[31m[1m^[22m[39m[31m[1m^[22m[39m[31m[1m^[22m[39m[31m[1m^[22m[39m[31m[1m^[22m[39m[31m[1m^[22m[39m[31m[1m^[22m[39m[31m[1m^[22m[39m[31m[1m^[22m[39m[31m[1m^[22m[39m[31m[1m^[22m[39m
 [90m  9 |[39m [36mimport[39m { [33mBadge[39m } [36mfrom[39m [32m'@/components/ui/badge'[39m[33m;[39m
 [90m 10 |[39m [36mimport[39m {
 [90m 11 |[39m     [33mSettings[39m[33m,[39m[0m

Import map: aliased to relative './components/ui/tabs' inside of [project]/quick-memo


Import traces:
  Client Component Browser:
    ./quick-memo/src/app/dashboard/page.tsx [Client Component Browser]
    ./quick-memo/src/app/dashboard/page.tsx [Server Component]

  Client Component SSR:
    ./quick-memo/src/app/dashboard/page.tsx [Client Component SSR]
    ./quick-memo/src/app/dashboard/page.tsx [Server Component]

https://nextjs.org/docs/messages/module-not-found


./quick-memo/src/app/page.tsx:11:1
Module not found: Can't resolve '@/components/ui/tabs'
[0m [90m  9 |[39m [36mimport[39m { [33mButton[39m } [36mfrom[39m [32m'@/components/ui/button'[39m[33m;[39m
 [90m 10 |[39m [36mimport[39m { [33mCard[39m[33m,[39m [33mCardContent[39m } [36mfrom[39m [32m'@/components/ui/card'[39m[33m;[39m
[31m[1m>[22m[39m[90m 11 |[39m [36mimport[39m { [33mTabs[39m[33m,[39m [33mTabsContent[39m[33m,[39m [33mTabsList[39m[33m,[39m [33mTabsTrigger[39m } [36mfrom[39m [32m'@/components/ui/tabs'[39m[33m;[39m
 [90m    |[39m [31m[1m^[22m[39m[31m[1m^[22m[39m[31m[1m^[22m[39m[31m[1m^[22m[39m[31m[1m^[22m[39m[31m[1m^[22m[39m[31m[1m^[22m[39m[31m[1m^[22m[39m[31m[1m^[22m[39m[31m[1m^[22m[39m[31m[1m^[22m[39m[31m[1m^[22m[39m[31m[1m^[22m[39m[31m[1m^[22m[39m[31m[1m^[22m[39m[31m[1m^[22m[39m[31m[1m^[22m[39m[31m[1m^[22m[39m[31m[1m^[22m[39m[31m[1m^[22m[39m[31m[1m^[22m[39m[31m[1m^[22m[39m[31m[1m^[22m[39m[31m[1m^[22m[39m[31m[1m^[22m[39m[31m[1m^[22m[39m[31m[1m^[22m[39m[31m[1m^[22m[39m[31m[1m^[22m[39m[31m[1m^[22m[39m[31m[1m^[22m[39m[31m[1m^[22m[39m[31m[1m^[22m[39m[31m[1m^[22m[39m[31m[1m^[22m[39m[31m[1m^[22m[39m[31m[1m^[22m[39m[31m[1m^[22m[39m[31m[1m^[22m[39m[31m[1m^[22m[39m[31m[1m^[22m[39m[31m[1m^[22m[39m[31m[1m^[22m[39m[31m[1m^[22m[39m[31m[1m^[22m[39m[31m[1m^[22m[39m[31m[1m^[22m[39m[31m[1m^[22m[39m[31m[1m^[22m[39m[31m[1m^[22m[39m[31m[1m^[22m[39m[31m[1m^[22m[39m[31m[1m^[22m[39m[31m[1m^[22m[39m[31m[1m^[22m[39m[31m[1m^[22m[39m[31m[1m^[22m[39m[31m[1m^[22m[39m[31m[1m^[22m[39m[31m[1m^[22m[39m[31m[1m^[22m[39m[31m[1m^[22m[39m[31m[1m^[22m[39m[31m[1m^[22m[39m[31m[1m^[22m[39m[31m[1m^[22m[39m[31m[1m^[22m[39m[31m[1m^[22m[39m[31m[1m^[22m[39m[31m[1m^[22m[39m[31m[1m^[22m[39m[31m[1m^[22m[39m[31m[1m^[22m[39m[31m[1m^[22m[39m[31m[1m^[22m[39m[31m[1m^[22m[39m[31m[1m^[22m[39m[31m[1m^[22m[39m[31m[1m^[22m[39m[31m[1m^[22m[39m
 [90m 12 |[39m [36mimport[39m { [33mFileText[39m[33m,[39m [33mDownload[39m[33m,[39m [33mCrown[39m[33m,[39m [33mZap[39m[33m,[39m [33mShield[39m[33m,[39m [33mUsers[39m[33m,[39m [33mBox[39m[33m,[39m [33mTruck[39m[33m,[39m [33mCreditCard[39m[33m,[39m [33mLayoutDashboard[39m } [36mfrom[39m [32m'lucide-react'[39m[33m;[39m
 [90m 13 |[39m [36mimport[39m { toast } [36mfrom[39m [32m'sonner'[39m[33m;[39m
 [90m 14 |[39m [36mimport[39m [33mLink[39m [36mfrom[39m [32m'next/link'[39m[33m;[39m[0m

Import map: aliased to relative './components/ui/tabs' inside of [project]/quick-memo


Import traces:
  Client Component Browser:
    ./quick-memo/src/app/page.tsx [Client Component Browser]
    ./quick-memo/src/app/page.tsx [Server Component]

  Client Component SSR:
    ./quick-memo/src/app/page.tsx [Client Component SSR]
    ./quick-memo/src/app/page.tsx [Server Component]

https://nextjs.org/docs/messages/module-not-found


    at async transform (turbopack:///[turbopack-node]/transforms/postcss.ts:70:34) [/home/shafiuddin/code/quickMemo/quick-memo/.next/build/chunks/[root-of-the-server]__1d3f2a6a._.js:146:36])
    at async run (turbopack:///[turbopack-node]/ipc/evaluate.ts:92:23) [/home/shafiuddin/code/quickMemo/quick-memo/.next/build/chunks/[root-of-the-server]__28e00b90._.js:443:31])
    at <unknown> (./quick-memo/src/app/page.tsx:5:1)
    at <unknown> (https://nextjs.org/docs/messages/module-not-found)
    at <unknown> (./quick-memo/src/app/page.tsx:6:1)
    at <unknown> (https://nextjs.org/docs/messages/module-not-found)
    at <unknown> (./quick-memo/src/app/page.tsx:7:1)
    at <unknown> (https://nextjs.org/docs/messages/module-not-found)
    at <unknown> (./quick-memo/src/app/page.tsx:8:1)
    at <unknown> (https://nextjs.org/docs/messages/module-not-found)
    at <unknown> (./quick-memo/src/app/dashboard/page.tsx:9:1)
    at <unknown> (https://nextjs.org/docs/messages/module-not-found)
    at <unknown> (./quick-memo/src/app/auth/login/page.tsx:6:1)
    at <unknown> (https://nextjs.org/docs/messages/module-not-found)
    at <unknown> (./quick-memo/src/app/dashboard/page.tsx:6:1)
    at <unknown> (https://nextjs.org/docs/messages/module-not-found)
    at <unknown> (./quick-memo/src/app/page.tsx:9:1)
    at <unknown> (https://nextjs.org/docs/messages/module-not-found)
    at <unknown> (./quick-memo/src/app/auth/login/page.tsx:9:1)
    at <unknown> (https://nextjs.org/docs/messages/module-not-found)
    at <unknown> (./quick-memo/src/app/dashboard/page.tsx:7:1)
    at <unknown> (https://nextjs.org/docs/messages/module-not-found)
    at <unknown> (./quick-memo/src/app/page.tsx:10:1)
    at <unknown> (https://nextjs.org/docs/messages/module-not-found)
    at <unknown> (./quick-memo/src/app/auth/login/page.tsx:7:1)
    at <unknown> (https://nextjs.org/docs/messages/module-not-found)
    at <unknown> (./quick-memo/src/app/auth/login/page.tsx:8:1)
    at <unknown> (https://nextjs.org/docs/messages/module-not-found)
    at <unknown> (./quick-memo/src/app/auth/login/page.tsx:10:1)
    at <unknown> (https://nextjs.org/docs/messages/module-not-found)
    at <unknown> (./quick-memo/src/app/dashboard/page.tsx:8:1)
    at <unknown> (https://nextjs.org/docs/messages/module-not-found)
    at <unknown> (./quick-memo/src/app/page.tsx:11:1)
    at <unknown> (https://nextjs.org/docs/messages/module-not-found)
